
## ## End Default Options ##

title		Debian GNU/Linux, kernel 2.6.17 Default
root		(hd0,5)
kernel		/boot/vmlinuz root=/dev/hda6 ro ramdisk_size=100000 init=/etc/init lang=us apm=power-off nomce quiet lang=en keyboard=de vga=791 
initrd		/boot/initrd.img
##savedefault
boot

title		Debian GNU/Linux, kernel 2.6.17
root		(hd0,5)
kernel		/boot/vmlinuz-2.6.17 root=/dev/hda6 ro ramdisk_size=100000 init=/etc/init lang=us apm=power-off nomce quiet lang=en keyboard=de vga=791 
initrd		/boot/initrd.img-2.6.17
##savedefault
boot

title		Debian GNU/Linux, kernel memtest86
root		(hd0,5)
kernel		/boot/memtest86.bin 
boot

title		Debian GNU/Linux, kernel memtest86+
root		(hd0,5)
kernel		/boot/memtest86+.bin 
boot

### END DEBIAN AUTOMAGIC KERNELS LIST
